<?xml version="1.0" encoding="UTF-8"?>
<!-- Generated by org.testng.reporters.JUnitReportReporter -->
<testsuite hostname="CONGPC" failures="0" tests="1" name="tests.AlertTest" time="0.312" errors="0" timestamp="2023-10-12T15:59:13 ICT" skipped="0">
  <testcase classname="tests.AlertTest" name="doTC05PromptBox" time="0.312"/>
</testsuite> <!-- tests.AlertTest -->
