<?xml version="1.0" encoding="UTF-8"?>
<!-- Generated by org.testng.reporters.JUnitReportReporter -->
<testsuite hostname="CONGPC" failures="0" tests="1" name="tests.RadioButtonTest" time="0.528" errors="0" timestamp="2023-09-29T16:57:29 ICT" skipped="0">
  <testcase classname="tests.RadioButtonTest" name="doTC01" time="0.528"/>
</testsuite> <!-- tests.RadioButtonTest -->
