<?xml version="1.0" encoding="UTF-8"?>
<!-- Generated by org.testng.reporters.JUnitReportReporter -->
<testsuite hostname="CONGPC" failures="0" tests="1" name="tests.BrowserWindowTest" time="0.701" errors="0" timestamp="2023-10-12T14:32:44 ICT" skipped="0">
  <testcase classname="tests.BrowserWindowTest" name="doTC02" time="0.701"/>
</testsuite> <!-- tests.BrowserWindowTest -->
