<?xml version="1.0" encoding="UTF-8"?>
<!-- Generated by org.testng.reporters.JUnitReportReporter -->
<testsuite hostname="CONGPC" failures="0" tests="1" name="tests.ButtonsTest" time="0.652" errors="0" timestamp="2023-10-07T21:38:25 ICT" skipped="0">
  <testcase classname="tests.ButtonsTest" name="doTC01" time="0.652"/>
</testsuite> <!-- tests.ButtonsTest -->
