<?xml version="1.0" encoding="UTF-8"?>
<!-- Generated by org.testng.reporters.JUnitReportReporter -->
<testsuite hostname="CONGPC" failures="0" tests="1" name="tests.WebTablesTest" time="1.465" errors="0" timestamp="2023-10-10T10:33:53 ICT" skipped="0">
  <testcase classname="tests.WebTablesTest" name="doTC02" time="1.465"/>
</testsuite> <!-- tests.WebTablesTest -->
