<?xml version="1.0" encoding="UTF-8"?>
<!-- Generated by org.testng.reporters.JUnitReportReporter -->
<testsuite hostname="CONGPC" failures="0" tests="1" name="tests.FormsTest" time="2.661" errors="0" timestamp="2023-10-22T19:59:12 ICT" skipped="0">
  <testcase classname="tests.FormsTest" name="submitDataSuccessfully" time="2.661"/>
</testsuite> <!-- tests.FormsTest -->
