<?xml version="1.0" encoding="UTF-8"?>
<!-- Generated by org.testng.reporters.JUnitReportReporter -->
<testsuite hostname="CONGPC" failures="0" tests="1" name="tests.FormsTest" time="2.102" errors="0" timestamp="2023-10-08T19:17:10 ICT" skipped="0">
  <testcase classname="tests.FormsTest" name="doTC01" time="2.102"/>
</testsuite> <!-- tests.FormsTest -->
