<?xml version="1.0" encoding="UTF-8"?>
<!-- Generated by org.testng.reporters.JUnitReportReporter -->
<testsuite hostname="CONGPC" failures="0" tests="1" name="tests.ModalDialogsTest" time="0.514" errors="0" timestamp="2023-10-16T16:19:44 ICT" skipped="0">
  <testcase classname="tests.ModalDialogsTest" name="doTC01ModalDialogs" time="0.514"/>
</testsuite> <!-- tests.ModalDialogsTest -->
